<?xml version="1.0" encoding="UTF-8"?>
<!-- Generated by org.testng.reporters.JUnitXMLReporter -->
<testsuite ignored="0" hostname="codespaces-46e603" failures="1" tests="1" name="C1POC_DesktopApp_Login" time="0.057" errors="0" timestamp="2025-01-23T13:57:17 UTC">
  <testcase classname="ework.utils.TestDriver" name="@AfterClass finalizeTest" time="0.001">
    <failure type="java.lang.NullPointerException" message="Cannot invoke &amp;quot;ework.utils.ConfigFile.isProxyMode()&amp;quot; because &amp;quot;ework.utils.TestDriver.config&amp;quot; is null">
      <![CDATA[java.lang.NullPointerException: Cannot invoke "ework.utils.ConfigFile.isProxyMode()" because "ework.utils.TestDriver.config" is null
at ework.utils.TestDriver.finalizeTest(TestDriver.java:134)
at java.base/java.util.ArrayList.forEach(ArrayList.java:1596)
at java.base/java.util.concurrent.FutureTask.run(FutureTask.java:317)
at java.base/java.util.concurrent.ThreadPoolExecutor.runWorker(ThreadPoolExecutor.java:1144)
at java.base/java.util.concurrent.ThreadPoolExecutor$Worker.run(ThreadPoolExecutor.java:642)
at java.base/java.lang.Thread.run(Thread.java:1583)
... Removed 14 stack frames]]>
    </failure>
  </testcase> <!-- @AfterClass finalizeTest -->
  <testcase classname="c1ework.Tests.DesktopApp.C1DA01_TS01_Login" name="DA_LOGIN" time="0.004">
    <failure type="java.lang.NullPointerException" message="Cannot invoke &amp;quot;ework.utils.RunLogger.logUpdateScenario()&amp;quot; because &amp;quot;c1ework.Tests.DesktopApp.C1DA01_TS01_Login.logger&amp;quot; is null">
      <![CDATA[java.lang.NullPointerException: Cannot invoke "ework.utils.RunLogger.logUpdateScenario()" because "c1ework.Tests.DesktopApp.C1DA01_TS01_Login.logger" is null
at c1ework.Tests.DesktopApp.C1DA01_TS01_Login.DA_LOGIN(C1DA01_TS01_Login.java:27)
at java.base/java.util.ArrayList.forEach(ArrayList.java:1596)
at java.base/java.util.concurrent.FutureTask.run(FutureTask.java:317)
at java.base/java.util.concurrent.ThreadPoolExecutor.runWorker(ThreadPoolExecutor.java:1144)
at java.base/java.util.concurrent.ThreadPoolExecutor$Worker.run(ThreadPoolExecutor.java:642)
at java.base/java.lang.Thread.run(Thread.java:1583)
... Removed 15 stack frames]]>
    </failure>
  </testcase> <!-- DA_LOGIN -->
</testsuite> <!-- C1POC_DesktopApp_Login -->
